[2012-06-12 00:12:40] security.INFO: Populated SecurityContext with an anonymous Token [] []
[2012-06-12 00:12:40] request.INFO: Matched route "congresso_edit" (parameters: "_controller": "Accreditamenti\CongressiBundle\Controller\CongressoController::editAction", "id": "3", "_route": "congresso_edit") [] []
[2012-06-12 00:12:40] request.ERROR: Symfony\Component\HttpKernel\Exception\NotFoundHttpException: Unable to find Congresso entity. (uncaught exception) at /var/www/accreditamenti/vendor/symfony/src/Symfony/Bundle/FrameworkBundle/Controller/Controller.php line 115 [] []
[2012-06-12 10:16:23] security.INFO: Populated SecurityContext with an anonymous Token [] []
[2012-06-12 10:16:23] request.ERROR: Symfony\Component\HttpKernel\Exception\NotFoundHttpException: No route found for "GET /congresso/edit/4" (uncaught exception) at /var/www/accreditamenti/app/cache/prod/classes.php line 4739 [] []
[2012-06-12 10:21:09] security.INFO: Populated SecurityContext with an anonymous Token [] []
[2012-06-12 10:21:09] request.ERROR: Symfony\Component\HttpKernel\Exception\NotFoundHttpException: No route found for "GET /congresso/edit/4" (uncaught exception) at /var/www/accreditamenti/app/cache/prod/classes.php line 4739 [] []
[2012-06-15 11:59:24] security.DEBUG: Read SecurityContext from the session [] []
[2012-06-15 11:59:24] security.DEBUG: Reloading user from user provider. [] []
[2012-06-15 11:59:24] security.DEBUG: Username "giuseppe" was reloaded from user provider. [] []
[2012-06-15 11:59:24] request.ERROR: Symfony\Component\HttpKernel\Exception\NotFoundHttpException: No route found for "GET /profile/show" (uncaught exception) at /var/www/accreditamenti/app/cache/prod/classes.php line 4739 [] []
[2012-06-15 11:59:24] security.DEBUG: Write SecurityContext in the session [] []
[2012-06-25 16:21:35] security.DEBUG: Read SecurityContext from the session [] []
[2012-06-25 16:21:35] security.DEBUG: Reloading user from user provider. [] []
[2012-06-25 16:21:35] security.DEBUG: Username "giuseppe" was reloaded from user provider. [] []
[2012-06-25 16:21:35] request.ERROR: Symfony\Component\HttpKernel\Exception\NotFoundHttpException: No route found for "GET /resource/prog/12834.pdf" (uncaught exception) at /var/www/accreditamenti/app/cache/prod/classes.php line 4739 [] []
[2012-06-25 16:21:35] security.DEBUG: Write SecurityContext in the session [] []
[2012-07-04 14:35:23] security.INFO: Populated SecurityContext with an anonymous Token [] []
[2012-07-04 14:35:23] request.ERROR: Symfony\Component\HttpKernel\Exception\NotFoundHttpException: No route found for "GET /web/app_dev.php/accreditamento/" (uncaught exception) at /var/www/accreditamenti/app/cache/prod/classes.php line 4739 [] []
[2012-07-04 14:36:01] security.INFO: Populated SecurityContext with an anonymous Token [] []
[2012-07-04 14:36:01] request.ERROR: Symfony\Component\HttpKernel\Exception\NotFoundHttpException: No route found for "GET /web/app_dev.php/accreditamento/" (uncaught exception) at /var/www/accreditamenti/app/cache/prod/classes.php line 4739 [] []
[2012-07-04 14:36:13] security.INFO: Populated SecurityContext with an anonymous Token [] []
[2012-07-04 14:36:13] request.ERROR: Symfony\Component\HttpKernel\Exception\NotFoundHttpException: No route found for "GET /web/app_dev.php/congresso" (uncaught exception) at /var/www/accreditamenti/app/cache/prod/classes.php line 4739 [] []
[2012-07-09 11:40:36] security.DEBUG: Read SecurityContext from the session [] []
[2012-07-09 11:40:36] security.DEBUG: Reloading user from user provider. [] []
[2012-07-09 11:40:36] security.DEBUG: Username "giuseppe" was reloaded from user provider. [] []
[2012-07-09 11:40:36] request.INFO: Matched route "accreditamento_show" (parameters: "_controller": "Accreditamenti\CongressiBundle\Controller\AccreditamentoController::showAction", "id": "21", "_route": "accreditamento_show") [] []
[2012-07-09 11:40:36] request.CRITICAL: Twig_Error_Runtime: An exception has been thrown during the rendering of a template ("Route "questionarioecm_new" does not exist.") in "::base.html.twig" at line 22. (uncaught exception) at /var/www/ideacpa/app/cache/prod/classes.php line 9267 [] []
[2012-07-09 11:40:36] security.DEBUG: Write SecurityContext in the session [] []
[2012-07-17 12:18:29] security.INFO: Populated SecurityContext with an anonymous Token [] []
[2012-07-17 12:18:29] request.ERROR: Symfony\Component\HttpKernel\Exception\NotFoundHttpException: No route found for "GET /web/app_dev.php/accreditamento/" (uncaught exception) at /var/www/accreditamenti/app/cache/prod/classes.php line 4739 [] []
[2012-07-17 12:18:56] security.INFO: Populated SecurityContext with an anonymous Token [] []
[2012-07-17 12:18:56] request.ERROR: Symfony\Component\HttpKernel\Exception\NotFoundHttpException: No route found for "GET /web/app_dev.php/congresso/mostraTutti" (uncaught exception) at /var/www/accreditamenti/app/cache/prod/classes.php line 4739 [] []
[2012-08-01 19:08:12] security.INFO: Populated SecurityContext with an anonymous Token [] []
[2012-08-01 19:08:12] request.ERROR: Symfony\Component\HttpKernel\Exception\NotFoundHttpException: No route found for "GET /mostraTutti/" (uncaught exception) at /var/www/accreditamenti/app/cache/prod/classes.php line 4739 [] []
[2012-08-01 19:08:25] security.INFO: Populated SecurityContext with an anonymous Token [] []
[2012-08-01 19:08:25] request.ERROR: Symfony\Component\HttpKernel\Exception\NotFoundHttpException: No route found for "GET /web/app_dev.php/mostraTutti" (uncaught exception) at /var/www/accreditamenti/app/cache/prod/classes.php line 4739 [] []
[2012-08-01 19:08:45] security.INFO: Populated SecurityContext with an anonymous Token [] []
[2012-08-01 19:08:45] request.ERROR: Symfony\Component\HttpKernel\Exception\NotFoundHttpException: No route found for "GET /web/app_dev.php/congresso/mostraTutti" (uncaught exception) at /var/www/accreditamenti/app/cache/prod/classes.php line 4739 [] []
[2012-08-01 19:08:54] security.INFO: Populated SecurityContext with an anonymous Token [] []
[2012-08-01 19:08:54] request.ERROR: Symfony\Component\HttpKernel\Exception\NotFoundHttpException: No route found for "GET /web/app_dev.php/congresso" (uncaught exception) at /var/www/accreditamenti/app/cache/prod/classes.php line 4739 [] []
[2012-08-01 19:08:59] security.INFO: Populated SecurityContext with an anonymous Token [] []
[2012-08-01 19:08:59] request.ERROR: Symfony\Component\HttpKernel\Exception\NotFoundHttpException: No route found for "GET /web/app_dev.php/congresso" (uncaught exception) at /var/www/accreditamenti/app/cache/prod/classes.php line 4739 [] []
[2012-08-01 19:09:00] security.INFO: Populated SecurityContext with an anonymous Token [] []
[2012-08-01 19:09:00] request.ERROR: Symfony\Component\HttpKernel\Exception\NotFoundHttpException: No route found for "GET /web/app_dev.php/congresso" (uncaught exception) at /var/www/accreditamenti/app/cache/prod/classes.php line 4739 [] []
[2012-08-14 12:39:18] security.INFO: Populated SecurityContext with an anonymous Token [] []
[2012-08-14 12:39:18] request.ERROR: Symfony\Component\HttpKernel\Exception\NotFoundHttpException: No route found for "GET /web/app_dev.php/congresso/mostraTutti" (uncaught exception) at /var/www/accreditamenti/app/cache/prod/classes.php line 4739 [] []
[2012-09-07 09:14:10] security.INFO: Populated SecurityContext with an anonymous Token [] []
[2012-09-07 09:14:10] request.ERROR: Symfony\Component\HttpKernel\Exception\NotFoundHttpException: No route found for "GET /web/app_dev.php/congresso/" (uncaught exception) at /var/www/accreditamenti/app/cache/prod/classes.php line 4739 [] []
[2012-09-07 09:14:14] security.INFO: Populated SecurityContext with an anonymous Token [] []
[2012-09-07 09:14:14] request.ERROR: Symfony\Component\HttpKernel\Exception\NotFoundHttpException: No route found for "GET /web/app_dev.php/congresso/" (uncaught exception) at /var/www/accreditamenti/app/cache/prod/classes.php line 4739 [] []
[2012-09-07 09:14:24] security.INFO: Populated SecurityContext with an anonymous Token [] []
[2012-09-07 09:14:24] request.ERROR: Symfony\Component\HttpKernel\Exception\NotFoundHttpException: No route found for "GET /web/app_dev.php/congresso/ultimo" (uncaught exception) at /var/www/accreditamenti/app/cache/prod/classes.php line 4739 [] []
[2012-09-07 09:15:17] security.INFO: Populated SecurityContext with an anonymous Token [] []
[2012-09-07 09:15:17] request.ERROR: Symfony\Component\HttpKernel\Exception\NotFoundHttpException: No route found for "GET /web/app_dev.php/congresso/ultimo" (uncaught exception) at /var/www/accreditamenti/app/cache/prod/classes.php line 4739 [] []
[2012-09-20 11:30:06] security.INFO: Populated SecurityContext with an anonymous Token [] []
[2012-09-20 11:30:06] request.INFO: Matched route "accreditamenti_congressi_default_index" (parameters: "_controller": "Accreditamenti\CongressiBundle\Controller\DefaultController::indexAction", "_route": "accreditamenti_congressi_default_index") [] []
[2012-09-20 11:30:06] request.CRITICAL: InvalidArgumentException: Class "Accreditamenti\CongressiBundle\Controller\DefaultController" does not exist. (uncaught exception) at /var/www/accreditamenti/app/cache/prod/classes.php line 4882 [] []
[2012-09-26 12:02:20] security.DEBUG: Read SecurityContext from the session [] []
[2012-09-26 12:02:20] security.DEBUG: Reloading user from user provider. [] []
[2012-09-26 12:02:20] security.DEBUG: Username "giuseppe" was reloaded from user provider. [] []
[2012-09-26 12:02:20] request.INFO: Matched route "accreditamenti_congressi_default_index" (parameters: "_controller": "Accreditamenti\CongressiBundle\Controller\DefaultController::indexAction", "_route": "accreditamenti_congressi_default_index") [] []
[2012-09-26 12:02:20] request.CRITICAL: InvalidArgumentException: Class "Accreditamenti\CongressiBundle\Controller\DefaultController" does not exist. (uncaught exception) at /var/www/accreditamenti/app/cache/prod/classes.php line 4882 [] []
[2012-09-26 12:02:20] security.DEBUG: Write SecurityContext in the session [] []
[2012-09-27 12:20:11] security.INFO: Populated SecurityContext with an anonymous Token [] []
[2012-09-27 12:20:11] request.INFO: Matched route "accreditamenti_congressi_default_index" (parameters: "_controller": "Accreditamenti\CongressiBundle\Controller\DefaultController::indexAction", "_route": "accreditamenti_congressi_default_index") [] []
[2012-09-27 12:20:11] request.CRITICAL: InvalidArgumentException: Class "Accreditamenti\CongressiBundle\Controller\DefaultController" does not exist. (uncaught exception) at /var/www/accreditamenti/app/cache/prod/classes.php line 4882 [] []
[2012-10-07 17:17:07] security.INFO: Populated SecurityContext with an anonymous Token [] []
[2012-10-07 17:17:07] request.INFO: Matched route "accreditamenti_congressi_default_index" (parameters: "_controller": "Accreditamenti\CongressiBundle\Controller\DefaultController::indexAction", "_route": "accreditamenti_congressi_default_index") [] []
[2012-10-07 17:17:07] request.CRITICAL: InvalidArgumentException: Class "Accreditamenti\CongressiBundle\Controller\DefaultController" does not exist. (uncaught exception) at /var/www/accreditamenti/app/cache/prod/classes.php line 4882 [] []
